<?xml version="1.0" encoding="UTF-8"?>
<testsuites name="jest tests" tests="2" failures="0" errors="0" time="2.816">
  <testsuite name="Create user command" errors="0" failures="0" skipped="0" timestamp="2021-09-06T19:45:40" time="2.585" tests="2">
    <testcase classname="Create user command fails when a user already exists with the same email" name="Create user command fails when a user already exists with the same email" time="0.098">
    </testcase>
    <testcase classname="Create user command succeeds when a user does not exist with specified email" name="Create user command succeeds when a user does not exist with specified email" time="0.146">
    </testcase>
  </testsuite>
</testsuites>